<?xml version="1.0" encoding="UTF-8"?>
<!-- Generated by org.testng.reporters.JUnitReportReporter -->
<testsuite hostname="Slomos-MacBook-Pro.local" failures="0" tests="7" name="Tests.UIKitCatalogTest" time="0.011" errors="1" timestamp="2022-05-09T11:03:59 EDT" skipped="6">
  <testcase classname="Tests.UIKitCatalogTest" name="SwitchesTest" time="0.001">
    <skipped/>
  </testcase> <!-- SwitchesTest -->
  <system-out/>
  <testcase classname="Tests.UIKitCatalogTest" name="setup" time="0.010">
    <error type="java.lang.NullPointerException">
      <![CDATA[java.lang.NullPointerException
at utils.base.startEmulator(base.java:82)
at utils.base.capabilities(base.java:32)
at Tests.UIKitCatalogTest.setup(UIKitCatalogTest.java:25)
at java.base/jdk.internal.reflect.NativeMethodAccessorImpl.invoke0(Native Method)
at java.base/jdk.internal.reflect.NativeMethodAccessorImpl.invoke(NativeMethodAccessorImpl.java:62)
at java.base/jdk.internal.reflect.DelegatingMethodAccessorImpl.invoke(DelegatingMethodAccessorImpl.java:43)
at java.base/java.lang.reflect.Method.invoke(Method.java:566)
at org.testng.internal.invokers.MethodInvocationHelper.invokeMethod(MethodInvocationHelper.java:135)
at org.testng.internal.invokers.MethodInvocationHelper.invokeMethodConsideringTimeout(MethodInvocationHelper.java:65)
at org.testng.internal.invokers.ConfigInvoker.invokeConfigurationMethod(ConfigInvoker.java:381)
at org.testng.internal.invokers.ConfigInvoker.invokeConfigurations(ConfigInvoker.java:319)
at org.testng.TestRunner.invokeTestConfigurations(TestRunner.java:645)
at org.testng.TestRunner.beforeRun(TestRunner.java:634)
at org.testng.TestRunner.run(TestRunner.java:596)
at org.testng.SuiteRunner.runTest(SuiteRunner.java:429)
at org.testng.SuiteRunner.runSequentially(SuiteRunner.java:423)
at org.testng.SuiteRunner.privateRun(SuiteRunner.java:383)
at org.testng.SuiteRunner.run(SuiteRunner.java:326)
at org.testng.SuiteRunnerWorker.runSuite(SuiteRunnerWorker.java:52)
at org.testng.SuiteRunnerWorker.run(SuiteRunnerWorker.java:95)
at org.testng.TestNG.runSuitesSequentially(TestNG.java:1249)
at org.testng.TestNG.runSuitesLocally(TestNG.java:1169)
at org.testng.TestNG.runSuites(TestNG.java:1092)
at org.testng.TestNG.run(TestNG.java:1060)
at org.testng.remote.AbstractRemoteTestNG.run(AbstractRemoteTestNG.java:115)
at org.testng.remote.RemoteTestNG.initAndRun(RemoteTestNG.java:251)
at org.testng.remote.RemoteTestNG.main(RemoteTestNG.java:77)
]]>
    </error>
  </testcase> <!-- setup -->
  <system-out/>
  <testcase classname="Tests.UIKitCatalogTest" name="PickerViewTest" time="0.000">
    <skipped/>
  </testcase> <!-- PickerViewTest -->
  <system-out/>
  <testcase classname="Tests.UIKitCatalogTest" name="WebViewTest" time="0.000">
    <skipped/>
  </testcase> <!-- WebViewTest -->
  <system-out/>
  <testcase classname="Tests.UIKitCatalogTest" name="SlidersTest" time="0.000">
    <skipped/>
  </testcase> <!-- SlidersTest -->
  <system-out/>
  <testcase classname="Tests.UIKitCatalogTest" name="SteppersTest" time="0.000">
    <skipped/>
  </testcase> <!-- SteppersTest -->
  <system-out/>
  <testcase classname="Tests.UIKitCatalogTest" name="AlertViewsTest" time="0.000">
    <skipped/>
  </testcase> <!-- AlertViewsTest -->
  <system-out/>
</testsuite> <!-- Tests.UIKitCatalogTest -->
