<?xml version="1.0" encoding="UTF-8"?>
<!-- Generated by org.testng.reporters.JUnitReportReporter -->
<testsuite skipped="0" hostname="Slomos-MacBook-Pro.local" name="Tests.UIKitCatalogTest" tests="6" failures="0" timestamp="2022-05-09T11:06:42 EDT" time="30.905" errors="0">
  <testcase name="WebViewTest" time="8.420" classname="Tests.UIKitCatalogTest"/>
  <system-out/>
  <testcase name="SteppersTest" time="6.167" classname="Tests.UIKitCatalogTest"/>
  <system-out/>
  <testcase name="AlertViewsTest" time="6.650" classname="Tests.UIKitCatalogTest"/>
  <system-out/>
  <testcase name="SwitchesTest" time="3.446" classname="Tests.UIKitCatalogTest"/>
  <system-out/>
  <testcase name="PickerViewTest" time="3.443" classname="Tests.UIKitCatalogTest"/>
  <system-out/>
  <testcase name="SlidersTest" time="2.779" classname="Tests.UIKitCatalogTest"/>
  <system-out/>
</testsuite> <!-- Tests.UIKitCatalogTest -->
